<?xml version="1.0" encoding="UTF-8"?>
<!-- Generated by org.testng.reporters.JUnitReportReporter -->
<testsuite hostname="Ananya" name="com.retialmenot.tests.RetailMeNotTests" tests="4" failures="0" timestamp="15 Mar 2015 16:35:52 GMT" time="31.002" errors="0">
  <testcase name="browseDeals" time="9.542" classname="com.retialmenot.tests.RetailMeNotTests"/>
  <testcase name="verifyDealResults" time="8.153" classname="com.retialmenot.tests.RetailMeNotTests"/>
  <testcase name="verifyDealResults" time="6.166" classname="com.retialmenot.tests.RetailMeNotTests"/>
  <testcase name="verifyDealResults" time="7.141" classname="com.retialmenot.tests.RetailMeNotTests"/>
</testsuite> <!-- com.retialmenot.tests.RetailMeNotTests -->
